<?xml version="1.0" encoding="UTF-8"?>
<!-- Generated by org.testng.reporters.JUnitXMLReporter -->
<testsuite ignored="1" hostname="DESKTOP-OTVE79I" failures="0" tests="3" name="Default test" time="47.863" errors="0" timestamp="2023-01-27T22:53:16 EST">
  <testcase classname="com.crm.qa.testcases.ProductRegisterTest" name="RegisterProductTest" time="5.66"/>
  <testcase classname="com.crm.qa.testcases.ProductRegisterTest" name="RegisterProductTest" time="5.29"/>
  <testcase classname="com.crm.qa.testcases.ProductRegisterTest" name="RegisterProductTest" time="5.44"/>
  <testcase classname="com.crm.qa.testcases.ProductRegisterTest" name="VerifyRegisteredProduct" time="0.0">
    <ignored/>
  </testcase> <!-- VerifyRegisteredProduct -->
</testsuite> <!-- Default test -->
