<?xml version="1.0" encoding="UTF-8"?>
<!-- Generated by org.testng.reporters.JUnitXMLReporter -->
<testsuite ignored="0" hostname="DESKTOP-OTVE79I" failures="0" tests="3" name="Default test" time="28.748" errors="0" timestamp="2023-01-25T18:59:31 EST">
  <testcase classname="com.crm.qa.testcases.ContactPageTest" name="ValidateContactPageText" time="0.21"/>
  <testcase classname="com.crm.qa.testcases.ContactPageTest" name="ValidateContactPageTitleTest" time="0.072"/>
  <testcase classname="com.crm.qa.testcases.ContactPageTest" name="ValidateContactPageUrlTest" time="0.031"/>
</testsuite> <!-- Default test -->
