<?xml version="1.0" encoding="UTF-8"?>
<testsuite xmlns:xsi="http://www.w3.org/2001/XMLSchema-instance" xsi:noNamespaceSchemaLocation="https://maven.apache.org/surefire/maven-surefire-plugin/xsd/surefire-test-report.xsd" name="TestSuite" time="161.999" tests="15" errors="0" skipped="0" failures="2">
  <properties>
[...]
</properties>
  <testcase name="ValidateContactPageText" classname="com.crm.qa.testcases.ContactPageTest" time="0.09"/>
  <testcase name="ValidateContactPageTitleTest" classname="com.crm.qa.testcases.ContactPageTest" time="0.081"/>
  <testcase name="ValidateContactPageUrlTest" classname="com.crm.qa.testcases.ContactPageTest" time="0.043"/>
  <testcase name="VerifyTitlePageTest" classname="com.crm.qa.testcases.HomePageTest" time="4.028">
    <failure message="HomePage Title Not Match expected [Paanasonic eStore] but found [Panasonic eStore]" type="java.lang.AssertionError">java.lang.AssertionError: HomePage Title Not Match expected [Paanasonic eStore] but found [Panasonic eStore]
	at com.crm.qa.testcases.HomePageTest.VerifyTitlePageTest(HomePageTest.java:44)
</failure>
    <system-out><![CDATA[chrome
Before navigating to: 'https://shopping.panasonic.ca/login.aspx?rf=%2fdefault.aspx%3flang%3den'
Navigated to:'https://shopping.panasonic.ca/login.aspx?rf=%2fdefault.aspx%3flang%3den'
Trying to find Element By : By.id: ctl00_ctl00_ContentPlaceHolder1_ContentPlaceHolder1_txtUserIDLogin
Found Element By : By.id: ctl00_ctl00_ContentPlaceHolder1_ContentPlaceHolder1_txtUserIDLogin
Trying to find Element By : By.id: ctl00_ctl00_ContentPlaceHolder1_ContentPlaceHolder1_txtPasswordLogin
Found Element By : By.id: ctl00_ctl00_ContentPlaceHolder1_ContentPlaceHolder1_txtPasswordLogin
Trying to find Element By : By.id: ctl00_ctl00_ContentPlaceHolder1_ContentPlaceHolder1_imgLoginSubmit
Found Element By : By.id: ctl00_ctl00_ContentPlaceHolder1_ContentPlaceHolder1_imgLoginSubmit
Trying to click on: [[ChromeDriver: chrome on WINDOWS (c3e09a63df00c55a30d87bfd9a13ebf4)] -> id: ctl00_ctl00_ContentPlaceHolder1_ContentPlaceHolder1_imgLoginSubmit]
Clicked on: [[ChromeDriver: chrome on WINDOWS (c3e09a63df00c55a30d87bfd9a13ebf4)] -> id: ctl00_ctl00_ContentPlaceHolder1_ContentPlaceHolder1_imgLoginSubmit]
]]></system-out>
    <system-err><![CDATA[Starting ChromeDriver 109.0.5414.74 (e7c5703604daa9cc128ccf5a5d3e993513758913-refs/branch-heads/5414@{#1172}) on port 1633
Only local connections are allowed.
Please see https://chromedriver.chromium.org/security-considerations for suggestions on keeping ChromeDriver safe.
ChromeDriver was started successfully.
Jan. 27, 2023 11:03:33 P.M. org.openqa.selenium.devtools.CdpVersionFinder findNearestMatch
WARNING: Unable to find an exact match for CDP version 109, so returning the closest version found: 108
]]></system-err>
  </testcase>
  <testcase name="VerifyCorrectUserNameTest" classname="com.crm.qa.testcases.HomePageTest" time="0.088"/>
  <testcase name="verifyContactsLinkTest" classname="com.crm.qa.testcases.HomePageTest" time="1.011"/>
  <testcase name="verifyDealsLinkTest" classname="com.crm.qa.testcases.HomePageTest" time="4.51"/>
  <testcase name="verifyStoreLinkTest" classname="com.crm.qa.testcases.HomePageTest" time="0.206"/>
  <testcase name="LgnPageTitleTest" classname="com.crm.qa.testcases.LoginPageTest" time="0.019">
    <failure message="expected [Loogin - Panasonic eStore] but found [Login - Panasonic eStore]" type="java.lang.AssertionError">java.lang.AssertionError: expected [Loogin - Panasonic eStore] but found [Login - Panasonic eStore]
	at com.crm.qa.testcases.LoginPageTest.LgnPageTitleTest(LoginPageTest.java:28)
</failure>
    <system-out><![CDATA[chrome
Before navigating to: 'https://shopping.panasonic.ca/login.aspx?rf=%2fdefault.aspx%3flang%3den'
Navigated to:'https://shopping.panasonic.ca/login.aspx?rf=%2fdefault.aspx%3flang%3den'
]]></system-out>
    <system-err><![CDATA[Starting ChromeDriver 109.0.5414.74 (e7c5703604daa9cc128ccf5a5d3e993513758913-refs/branch-heads/5414@{#1172}) on port 39934
Only local connections are allowed.
Please see https://chromedriver.chromium.org/security-considerations for suggestions on keeping ChromeDriver safe.
ChromeDriver was started successfully.
Jan. 27, 2023 11:04:32 P.M. org.openqa.selenium.devtools.CdpVersionFinder findNearestMatch
WARNING: Unable to find an exact match for CDP version 109, so returning the closest version found: 108
]]></system-err>
  </testcase>
  <testcase name="LgnPagelogoTest" classname="com.crm.qa.testcases.LoginPageTest" time="0.121"/>
  <testcase name="LoginTest" classname="com.crm.qa.testcases.LoginPageTest" time="5.634"/>
  <testcase name="RegisterProductTest" classname="com.crm.qa.testcases.ProductRegisterTest" time="5.257"/>
  <testcase name="RegisterProductTest" classname="com.crm.qa.testcases.ProductRegisterTest" time="5.296"/>
  <testcase name="RegisterProductTest" classname="com.crm.qa.testcases.ProductRegisterTest" time="4.883"/>
  <testcase name="VerifyRegisteredProduct" classname="com.crm.qa.testcases.ProductRegisterTest" time="5.604"/>
</testsuite>