<?xml version="1.0" encoding="UTF-8"?>
<!-- Generated by org.testng.reporters.JUnitXMLReporter -->
<testsuite ignored="0" hostname="DESKTOP-OTVE79I" failures="0" tests="11" name="Test Panasonic" time="110.498" errors="0" timestamp="2023-01-25T19:46:41 EST">
  <testcase classname="com.crm.qa.testcases.LoginPageTest" name="LgnPageTitleTest" time="0.048"/>
  <testcase classname="com.crm.qa.testcases.LoginPageTest" name="LgnPagelogoTest" time="0.166"/>
  <testcase classname="com.crm.qa.testcases.LoginPageTest" name="LoginTest" time="5.739"/>
  <testcase classname="com.crm.qa.testcases.HomePageTest" name="VerifyTitlePageTest" time="4.027"/>
  <testcase classname="com.crm.qa.testcases.HomePageTest" name="VerifyCorrectUserNameTest" time="0.11"/>
  <testcase classname="com.crm.qa.testcases.HomePageTest" name="verifyContactsLinkTest" time="2.553"/>
  <testcase classname="com.crm.qa.testcases.HomePageTest" name="verifyDealsLinkTest" time="4.21"/>
  <testcase classname="com.crm.qa.testcases.HomePageTest" name="verifyStoreLinkTest" time="0.361"/>
  <testcase classname="com.crm.qa.testcases.ContactPageTest" name="ValidateContactPageText" time="0.151"/>
  <testcase classname="com.crm.qa.testcases.ContactPageTest" name="ValidateContactPageTitleTest" time="0.073"/>
  <testcase classname="com.crm.qa.testcases.ContactPageTest" name="ValidateContactPageUrlTest" time="0.079"/>
</testsuite> <!-- Test Panasonic -->
