<?xml version="1.0" encoding="UTF-8"?>
<!-- Generated by org.testng.reporters.JUnitXMLReporter -->
<testsuite ignored="0" hostname="DESKTOP-OTVE79I" failures="1" tests="3" name="Test Panasonic  " time="16.475" errors="0" timestamp="2023-01-28T12:03:32 EST">
  <testcase classname="com.crm.qa.testcases.LoginPageTest" name="LgnPageTitleTest" time="0.019">
    <failure type="java.lang.AssertionError" message="expected [Loogin - Panasonic eStore] but found [Login - Panasonic eStore]">
      <![CDATA[java.lang.AssertionError: expected [Loogin - Panasonic eStore] but found [Login - Panasonic eStore]
at com.crm.qa.testcases.LoginPageTest.LgnPageTitleTest(LoginPageTest.java:28)
at java.base/java.util.ArrayList.forEach(ArrayList.java:1511)
... Removed 33 stack frames]]>
    </failure>
  </testcase> <!-- LgnPageTitleTest -->
  <testcase classname="com.crm.qa.testcases.LoginPageTest" name="LgnPagelogoTest" time="0.06"/>
  <testcase classname="com.crm.qa.testcases.LoginPageTest" name="LoginTest" time="5.351"/>
</testsuite> <!-- Test Panasonic   -->
