<?xml version="1.0" encoding="UTF-8"?>
<!-- Generated by org.testng.reporters.JUnitXMLReporter -->
<testsuite ignored="0" hostname="DESKTOP-OTVE79I" failures="0" tests="8" name="Test Panasonic  " time="128.412" errors="0" timestamp="2023-01-24T00:03:23 EST">
  <testcase classname="com.crm.qa.testcases.LoginPageTest" name="LgnPageTitleTest" time="0.02"/>
  <testcase classname="com.crm.qa.testcases.LoginPageTest" name="LgnPagelogoTest" time="0.082"/>
  <testcase classname="com.crm.qa.testcases.LoginPageTest" name="LoginTest" time="5.941"/>
  <testcase classname="com.crm.qa.testcases.HomePageTest" name="VerifyTitlePageTest" time="4.024"/>
  <testcase classname="com.crm.qa.testcases.HomePageTest" name="VerifyCorrectUserNameTest" time="0.08"/>
  <testcase classname="com.crm.qa.testcases.HomePageTest" name="verifyContactsLinkTest" time="1.317"/>
  <testcase classname="com.crm.qa.testcases.HomePageTest" name="verifyDealsLinkTest" time="3.341"/>
  <testcase classname="com.crm.qa.testcases.HomePageTest" name="verifyStoreLinkTest" time="0.16"/>
</testsuite> <!-- Test Panasonic   -->
